<?xml version="1.0" encoding="UTF-8"?>
<!-- Generated by org.testng.reporters.JUnitReportReporter -->
<testsuite hostname="Michaels-MacBook-Pro.local" failures="0" tests="1" name="stepDefinition.LoginPage" time="9.282" errors="0" timestamp="2020-09-07T04:40:22 BST" skipped="0">
  <testcase classname="stepDefinition.LoginPage" name="f" time="9.282"/>
  <system-out/>
</testsuite> <!-- stepDefinition.LoginPage -->
