<?xml version="1.0" encoding="UTF-8"?>
<!-- Generated by org.testng.reporters.JUnitReportReporter -->
<testsuite hostname="Michaels-MacBook-Pro.local" failures="0" tests="1" name="maven.testng.BasePageTest" time="5.103" errors="0" timestamp="2020-09-07T04:41:13 BST" skipped="0">
  <testcase classname="maven.testng.BasePageTest" name="fistPage" time="5.103"/>
  <system-out/>
</testsuite> <!-- maven.testng.BasePageTest -->
